开始爬取...

开始下载：2 - 0 - 民生标准白金卡(mastercard)
下载完成：2 - 0 - 民生标准白金卡(mastercard)
开始下载：2 - 1 - 民生标准白金卡(VISA)
下载完成：2 - 1 - 民生标准白金卡(VISA)
开始下载：3 - 0 - 女人花标准白金卡标准版(unionpay)
下载完成：3 - 0 - 女人花标准白金卡标准版(unionpay)
无该卡，跳过：4
无该卡，跳过：5
开始下载：6 - 0 - 民生in卡炫彩油画金卡(unionpay)
下载完成：6 - 0 - 民生in卡炫彩油画金卡(unionpay)
开始下载：6 - 1 - 民生in卡酷动音符金卡(unionpay)
下载完成：6 - 1 - 民生in卡酷动音符金卡(unionpay)
开始下载：7 - 0 - 民生欢乐卡金卡(JCB)
下载完成：7 - 0 - 民生欢乐卡金卡(JCB)
无该卡，跳过：8
无该卡，跳过：9
无该卡，跳过：10
开始下载：11 - 0 - 民生凤凰知音国航联名金卡
下载完成：11 - 0 - 民生凤凰知音国航联名金卡
开始下载：12 - 0 - 东航联名卡普卡(unionpay)
下载完成：12 - 0 - 东航联名卡普卡(unionpay)
开始下载：12 - 1 - 东航联名卡普卡(JCB)
下载完成：12 - 1 - 东航联名卡普卡(JCB)
开始下载：12 - 2 - 东航联名卡普卡(VISA)
下载完成：12 - 2 - 东航联名卡普卡(VISA)
开始下载：13 - 0 - 民生川航联名卡普卡（visa）
下载完成：13 - 0 - 民生川航联名卡普卡（visa）
开始下载：14 - 0 - 民生南航明珠普卡信用卡(unionpay)
下载完成：14 - 0 - 民生南航明珠普卡信用卡(unionpay)
开始下载：14 - 1 - 民生南航明珠普卡信用卡(mastercard)
下载完成：14 - 1 - 民生南航明珠普卡信用卡(mastercard)
开始下载：15 - 0 - 民生-香格里拉联名信用卡
下载完成：15 - 0 - 民生-香格里拉联名信用卡
开始下载：16 - 0 - 太平洋远东百货联名卡标白(unionpay)
下载完成：16 - 0 - 太平洋远东百货联名卡标白(unionpay)
无该卡，跳过：17
无该卡，跳过：18
无该卡，跳过：19
无该卡，跳过：20
无该卡，跳过：21
无该卡，跳过：22
无该卡，跳过：23
开始下载：24 - 0 - 车车标准白金信用卡经典版(unionpay)
下载完成：24 - 0 - 车车标准白金信用卡经典版(unionpay)
开始下载：24 - 1 - 车车标准白金信用卡卓越版(unionpay)
下载完成：24 - 1 - 车车标准白金信用卡卓越版(unionpay)
开始下载：24 - 2 - 车车标准白金信用卡宽途经典版(unionpay)
下载完成：24 - 2 - 车车标准白金信用卡宽途经典版(unionpay)
开始下载：24 - 3 - 车车标准白金信用卡宽途卓越版(unionpay)
下载完成：24 - 3 - 车车标准白金信用卡宽途卓越版(unionpay)
开始下载：25 - 0 - 全币种白金信用卡（AE）
下载完成：25 - 0 - 全币种白金信用卡（AE）
无图片，跳过：26 - 0
无图片，跳过：26 - 1
无图片，跳过：26 - 2
无图片，跳过：26 - 3
无该卡，跳过：27
无该卡，跳过：28
开始下载：29 - 0 - 民生汉神联名信用卡标准白金卡
下载完成：29 - 0 - 民生汉神联名信用卡标准白金卡
开始下载：30 - 0 - 民生海航普卡(unionpay)
下载完成：30 - 0 - 民生海航普卡(unionpay)
无该卡，跳过：31
开始下载：32 - 0 - 民生VISA全币种信用卡
下载完成：32 - 0 - 民生VISA全币种信用卡
开始下载：33 - 0 - 华安车车联名卡标准白金卡
下载完成：33 - 0 - 华安车车联名卡标准白金卡
开始下载：34 - 0 - 民生合胜联名信用卡标准白金卡
下载完成：34 - 0 - 民生合胜联名信用卡标准白金卡
开始下载：35 - 0 - 民生JCB全币种信用卡
下载完成：35 - 0 - 民生JCB全币种信用卡
开始下载：36 - 0 - 民生万事达全币种信用卡
下载完成：36 - 0 - 民生万事达全币种信用卡
无该卡，跳过：37
无该卡，跳过：38
无该卡，跳过：39
开始下载：40 - 0 - 网乐购分期信用卡标准白金卡
下载完成：40 - 0 - 网乐购分期信用卡标准白金卡
开始下载：41 - 0 - 民生安邦车车联名标准白金卡
下载完成：41 - 0 - 民生安邦车车联名标准白金卡
开始下载：42 - 0 - 民生华夏联名信用卡标准白金卡
下载完成：42 - 0 - 民生华夏联名信用卡标准白金卡
无该卡，跳过：43
无该卡，跳过：44
开始下载：45 - 0 - 民生白条联名卡
下载完成：45 - 0 - 民生白条联名卡
无该卡，跳过：46
开始下载：47 - 0 - 天秤座
下载完成：47 - 0 - 天秤座
开始下载：47 - 1 - 天蝎座
下载完成：47 - 1 - 天蝎座
开始下载：47 - 2 - 射手座
下载完成：47 - 2 - 射手座
开始下载：47 - 3 - 摩羯座
下载完成：47 - 3 - 摩羯座
开始下载：47 - 4 - 水瓶座
下载完成：47 - 4 - 水瓶座
开始下载：47 - 5 - 双鱼座
下载完成：47 - 5 - 双鱼座
开始下载：47 - 6 - 白羊座
下载完成：47 - 6 - 白羊座
开始下载：47 - 7 - 金牛座
下载完成：47 - 7 - 金牛座
开始下载：47 - 8 - 双子座
下载完成：47 - 8 - 双子座
开始下载：47 - 9 - 巨蟹座
下载完成：47 - 9 - 巨蟹座
开始下载：47 - 10 - 狮子座
下载完成：47 - 10 - 狮子座
开始下载：47 - 11 - 处女座
下载完成：47 - 11 - 处女座
无该卡，跳过：48
无该卡，跳过：49
无该卡，跳过：50
开始下载：51 - 0 - 民生标准白金卡(unionpay)
下载完成：51 - 0 - 民生标准白金卡(unionpay)
开始下载：51 - 1 - 民生标准白金卡(VISA)
下载完成：51 - 1 - 民生标准白金卡(VISA)
开始下载：51 - 2 - 民生标准白金卡(mastercard)
下载完成：51 - 2 - 民生标准白金卡(mastercard)
无该卡，跳过：52
无该卡，跳过：53
开始下载：54 - 0 - 淮安市保利大剧院id标准白金信用卡
下载完成：54 - 0 - 淮安市保利大剧院id标准白金信用卡
开始下载：55 - 0 - 民生华润通联名信用卡金卡
下载完成：55 - 0 - 民生华润通联名信用卡金卡
开始下载：56 - 0 - K米id信用金卡
下载完成：56 - 0 - K米id信用金卡
无该卡，跳过：57
无该卡，跳过：58
无该卡，跳过：59
开始下载：60 - 0 - 猎魔传说id信用金卡（男战士版）
下载完成：60 - 0 - 猎魔传说id信用金卡（男战士版）
开始下载：61 - 0 - 猎魔传说id信用金卡（女法师版）
下载完成：61 - 0 - 猎魔传说id信用金卡（女法师版）
开始下载：62 - 0 - 邯郸味道id标准白金信用卡
下载完成：62 - 0 - 邯郸味道id标准白金信用卡
开始下载：63 - 0 - 7车会id标准白金信用卡
下载完成：63 - 0 - 7车会id标准白金信用卡
开始下载：64 - 0 - 质量社会监督员id标准白金信用卡
下载完成：64 - 0 - 质量社会监督员id标准白金信用卡
无该卡，跳过：65
开始下载：66 - 0 - 盘石id标准白金信用卡（熊猫版）
下载完成：66 - 0 - 盘石id标准白金信用卡（熊猫版）
无该卡，跳过：67
开始下载：68 - 0 - 民生途牛春意盎然ID卡标准白金信用卡
下载完成：68 - 0 - 民生途牛春意盎然ID卡标准白金信用卡
开始下载：68 - 1 - 民生途牛乘风破浪ID卡标准白金信用卡
下载完成：68 - 1 - 民生途牛乘风破浪ID卡标准白金信用卡
无该卡，跳过：69
无该卡，跳过：70
开始下载：71 - 0 - 四季风id标准白金信用卡
下载完成：71 - 0 - 四季风id标准白金信用卡
开始下载：72 - 0 - 成长天使id标准白金信用卡
下载完成：72 - 0 - 成长天使id标准白金信用卡
开始下载：73 - 0 - 大唐麻将id标准白金信用卡
下载完成：73 - 0 - 大唐麻将id标准白金信用卡
开始下载：74 - 0 - 非凡宝贝id标准白金信用卡
下载完成：74 - 0 - 非凡宝贝id标准白金信用卡
开始下载：75 - 0 - 爱拍id信用金卡(黄色版)
下载完成：75 - 0 - 爱拍id信用金卡(黄色版)
开始下载：75 - 1 - 爱拍id信用金卡（黑色版）
下载完成：75 - 1 - 爱拍id信用金卡（黑色版）
开始下载：76 - 0 - 刘备修车网id标准白金信用卡
下载完成：76 - 0 - 刘备修车网id标准白金信用卡
开始下载：77 - 0 - 特奢汇id标准白金信用卡
下载完成：77 - 0 - 特奢汇id标准白金信用卡
开始下载：78 - 0 - 智慧树id标准白金信用卡
下载完成：78 - 0 - 智慧树id标准白金信用卡
开始下载：79 - 0 - 酒仙网id标准白金信用卡
下载完成：79 - 0 - 酒仙网id标准白金信用卡
开始下载：80 - 0 - BOSS直聘id标准白金信用卡
下载完成：80 - 0 - BOSS直聘id标准白金信用卡
开始下载：81 - 0 - 首逛id信用金卡
下载完成：81 - 0 - 首逛id信用金卡
开始下载：82 - 0 - 要喝水id信用金卡
下载完成：82 - 0 - 要喝水id信用金卡
开始下载：83 - 0 - 民生VISA芯动信用卡
下载完成：83 - 0 - 民生VISA芯动信用卡
开始下载：84 - 0 - 乐堂动漫品牌id标准白金信用卡
下载完成：84 - 0 - 乐堂动漫品牌id标准白金信用卡
开始下载：84 - 1 - 乐堂动漫全民斗西游id标准白金信用卡
下载完成：84 - 1 - 乐堂动漫全民斗西游id标准白金信用卡
开始下载：85 - 0 - 易聚联盟id标准白金信用卡
下载完成：85 - 0 - 易聚联盟id标准白金信用卡
无该卡，跳过：86
开始下载：87 - 0 - 热血江湖id标准白金信用卡
下载完成：87 - 0 - 热血江湖id标准白金信用卡
开始下载：88 - 0 - 雷霆游戏id标准白金信用卡
下载完成：88 - 0 - 雷霆游戏id标准白金信用卡
开始下载：89 - 0 - 盘石信id标准白金信用卡
下载完成：89 - 0 - 盘石信id标准白金信用卡
开始下载：90 - 0 - 灯网id标准白金信用卡
下载完成：90 - 0 - 灯网id标准白金信用卡
开始下载：91 - 0 - 北极泉id标准白金信用卡
下载完成：91 - 0 - 北极泉id标准白金信用卡
开始下载：92 - 0 - 狼人杀经典版id信用金卡
下载完成：92 - 0 - 狼人杀经典版id信用金卡
开始下载：92 - 1 - 狼人杀卓越版id信用金卡
下载完成：92 - 1 - 狼人杀卓越版id信用金卡
无该卡，跳过：93
无该卡，跳过：94
开始下载：95 - 0 - 魅力中国﹒北京标准白金卡（银联）
下载完成：95 - 0 - 魅力中国﹒北京标准白金卡（银联）
开始下载：96 - 0 - 姜小虎-HEY版id标准白金信用卡
下载完成：96 - 0 - 姜小虎-HEY版id标准白金信用卡
开始下载：96 - 1 - 姜小虎-雨中仙游版id标准白金信用卡
下载完成：96 - 1 - 姜小虎-雨中仙游版id标准白金信用卡
开始下载：96 - 2 - 姜小虎-御剑版id标准白金信用卡
下载完成：96 - 2 - 姜小虎-御剑版id标准白金信用卡
开始下载：97 - 0 - 国大药房id标准白金信用卡
下载完成：97 - 0 - 国大药房id标准白金信用卡
无该卡，跳过：98
开始下载：99 - 0 - 翼猫id标准白金信用卡
下载完成：99 - 0 - 翼猫id标准白金信用卡
开始下载：100 - 0 - 丽维家id标准白金信用卡
下载完成：100 - 0 - 丽维家id标准白金信用卡
开始下载：101 - 0 - 狂装网id标准白金信用卡
下载完成：101 - 0 - 狂装网id标准白金信用卡
开始下载：102 - 0 - 德仁堂id信用金卡
下载完成：102 - 0 - 德仁堂id信用金卡
开始下载：103 - 0 - 杰之行id信用金卡
下载完成：103 - 0 - 杰之行id信用金卡
开始下载：104 - 0 - 嘉信id标准白金信用卡
下载完成：104 - 0 - 嘉信id标准白金信用卡
开始下载：105 - 0 - 面点王id标准白金信用卡
下载完成：105 - 0 - 面点王id标准白金信用卡
开始下载：106 - 0 - 民生爱奇艺联名信用卡
下载完成：106 - 0 - 民生爱奇艺联名信用卡
开始下载：107 - 0 - 獐子岛id信用金卡
下载完成：107 - 0 - 獐子岛id信用金卡
开始下载：108 - 0 - 贝极圈id信用金卡
下载完成：108 - 0 - 贝极圈id信用金卡
开始下载：109 - 0 - 蚁筹id信用金卡
下载完成：109 - 0 - 蚁筹id信用金卡
开始下载：110 - 0 - 李星云卡id信用金卡
下载完成：110 - 0 - 李星云卡id信用金卡
开始下载：110 - 1 - 姬如雪卡id信用金卡
下载完成：110 - 1 - 姬如雪卡id信用金卡
无该卡，跳过：111
开始下载：112 - 0 - 葵瑞奔克id标准白金信用卡
下载完成：112 - 0 - 葵瑞奔克id标准白金信用卡
开始下载：113 - 0 - 安琪儿id标准白金信用卡
下载完成：113 - 0 - 安琪儿id标准白金信用卡
开始下载：114 - 0 - 民生梵高主题卡标准白金卡-星空
下载完成：114 - 0 - 民生梵高主题卡标准白金卡-星空
开始下载：114 - 1 - 民生梵高主题卡标准白金卡-向日葵
下载完成：114 - 1 - 民生梵高主题卡标准白金卡-向日葵
开始下载：114 - 2 - 民生梵高主题卡标准白金卡-杏花
下载完成：114 - 2 - 民生梵高主题卡标准白金卡-杏花
开始下载：114 - 3 - 民生梵高主题卡标准白金卡-鸢尾花
下载完成：114 - 3 - 民生梵高主题卡标准白金卡-鸢尾花
开始下载：114 - 4 - 民生梵高主题卡标准白金卡-田野
下载完成：114 - 4 - 民生梵高主题卡标准白金卡-田野
开始下载：114 - 5 - 民生梵高主题卡标准白金卡-自画像
下载完成：114 - 5 - 民生梵高主题卡标准白金卡-自画像
开始下载：115 - 0 - 民生阳光保险联名信用金卡
下载完成：115 - 0 - 民生阳光保险联名信用金卡
开始下载：116 - 0 - 民生中山合胜标准白金联名卡
下载完成：116 - 0 - 民生中山合胜标准白金联名卡
开始下载：117 - 0 - 怡亚通id标准白金信用卡
下载完成：117 - 0 - 怡亚通id标准白金信用卡
开始下载：118 - 0 - 冯潇霆助攻未来喝彩版id信用金卡
下载完成：118 - 0 - 冯潇霆助攻未来喝彩版id信用金卡
开始下载：118 - 1 - 冯潇霆助攻未来胜利版id信用金卡
下载完成：118 - 1 - 冯潇霆助攻未来胜利版id信用金卡
开始下载：119 - 0 - 看购影豆&#8226;黑色版id信用金卡
下载完成：119 - 0 - 看购影豆&#8226;黑色版id信用金卡
开始下载：119 - 1 - 看购影豆&#8226;橙色版id信用金卡
下载完成：119 - 1 - 看购影豆&#8226;橙色版id信用金卡
开始下载：120 - 0 - 咪咕音乐id信用金卡
下载完成：120 - 0 - 咪咕音乐id信用金卡
开始下载：121 - 0 - 中商惠民-colourful版id信用金卡
下载完成：121 - 0 - 中商惠民-colourful版id信用金卡
开始下载：121 - 1 - 中商惠民-鬼马咚咚版id信用金卡
下载完成：121 - 1 - 中商惠民-鬼马咚咚版id信用金卡
开始下载：121 - 2 - 中商惠民-中国娘版id信用金卡
下载完成：121 - 2 - 中商惠民-中国娘版id信用金卡
无该卡，跳过：122
开始下载：123 - 0 - 蜜思肤id信用金卡
下载完成：123 - 0 - 蜜思肤id信用金卡
开始下载：124 - 0 - 魅力中国﹒成都火锅主题金卡（银联）
下载完成：124 - 0 - 魅力中国﹒成都火锅主题金卡（银联）
开始下载：125 - 0 - 美年大健康（成都）id信用金卡
下载完成：125 - 0 - 美年大健康（成都）id信用金卡
开始下载：126 - 0 - 腾讯大学生联名卡燃
下载完成：126 - 0 - 腾讯大学生联名卡燃
开始下载：126 - 1 - 腾讯大学生联名卡瘦解千愁
下载完成：126 - 1 - 腾讯大学生联名卡瘦解千愁
开始下载：126 - 2 - 腾讯大学生联名卡不可思议
下载完成：126 - 2 - 腾讯大学生联名卡不可思议
开始下载：126 - 3 - 腾讯大学生联名卡锲而不舍
下载完成：126 - 3 - 腾讯大学生联名卡锲而不舍
开始下载：126 - 4 - 腾讯大学生联名卡水逆版
下载完成：126 - 4 - 腾讯大学生联名卡水逆版
开始下载：126 - 5 - 腾讯大学生联名卡逆风飞翔
下载完成：126 - 5 - 腾讯大学生联名卡逆风飞翔
开始下载：126 - 6 - 腾讯大学生联名卡逢考必过
下载完成：126 - 6 - 腾讯大学生联名卡逢考必过
开始下载：127 - 0 - 赵楚纶ID信用金卡
下载完成：127 - 0 - 赵楚纶ID信用金卡
开始下载：128 - 0 - 黄灿灿ID信用金卡
下载完成：128 - 0 - 黄灿灿ID信用金卡
无该卡，跳过：129
开始下载：130 - 0 - 子轩教育id信用金卡
下载完成：130 - 0 - 子轩教育id信用金卡
无该卡，跳过：131
开始下载：132 - 0 - 襄网科技 id信用金卡
下载完成：132 - 0 - 襄网科技 id信用金卡
无该卡，跳过：133
开始下载：134 - 0 - 海滨消消乐-与你同行信用金卡
下载完成：134 - 0 - 海滨消消乐-与你同行信用金卡
开始下载：134 - 1 - 海滨消消乐-罗曼蒂克id信用金卡
下载完成：134 - 1 - 海滨消消乐-罗曼蒂克id信用金卡
开始下载：134 - 2 - 海滨消消乐-激爽海滨id信用金卡
下载完成：134 - 2 - 海滨消消乐-激爽海滨id信用金卡
开始下载：135 - 0 - 大丰荷兰花海id信用金卡
下载完成：135 - 0 - 大丰荷兰花海id信用金卡
开始下载：136 - 0 - NGA-星游id信用金卡
下载完成：136 - 0 - NGA-星游id信用金卡
无该卡，跳过：137
无该卡，跳过：138
开始下载：139 - 0 - 市外淘园id信用金卡
下载完成：139 - 0 - 市外淘园id信用金卡
开始下载：140 - 0 - 招来宝id信用金卡
下载完成：140 - 0 - 招来宝id信用金卡
开始下载：141 - 0 - 去钓鱼id信用金卡
下载完成：141 - 0 - 去钓鱼id信用金卡
开始下载：142 - 0 - 每日每夜id信用金卡
下载完成：142 - 0 - 每日每夜id信用金卡
开始下载：143 - 0 - 乌龙院ID信用金卡
下载完成：143 - 0 - 乌龙院ID信用金卡
开始下载：143 - 1 - 猫奴-乌龙院ID信用金卡
下载完成：143 - 1 - 猫奴-乌龙院ID信用金卡
开始下载：143 - 2 - 八斤-乌龙院ID信用金卡
下载完成：143 - 2 - 八斤-乌龙院ID信用金卡
无该卡，跳过：144
无该卡，跳过：145
开始下载：146 - 0 - 黄金钱包id信用金卡
下载完成：146 - 0 - 黄金钱包id信用金卡
开始下载：147 - 0 - 瑞祥id信用金卡
下载完成：147 - 0 - 瑞祥id信用金卡
开始下载：148 - 0 - 民生故宫文创主题标准白金卡（雍正皇帝-特别限量版）
下载完成：148 - 0 - 民生故宫文创主题标准白金卡（雍正皇帝-特别限量版）
开始下载：148 - 1 - 民生故宫文创主题卡标准白金卡（仕女-祖传美貌版）
下载完成：148 - 1 - 民生故宫文创主题卡标准白金卡（仕女-祖传美貌版）
开始下载：148 - 2 - 民生故宫文创主题卡标准白金卡（仕女-奉旨卖萌版）
下载完成：148 - 2 - 民生故宫文创主题卡标准白金卡（仕女-奉旨卖萌版）
开始下载：148 - 3 - 民生故宫文创主题标准白金卡（仕女-为何下凡版）
下载完成：148 - 3 - 民生故宫文创主题标准白金卡（仕女-为何下凡版）
开始下载：148 - 4 - 民生故宫文创主题卡标准白金卡（符牌-奉旨刷卡版)
下载完成：148 - 4 - 民生故宫文创主题卡标准白金卡（符牌-奉旨刷卡版)
开始下载：148 - 5 - 民生故宫文创主题卡标准白金卡（符牌-如朕亲临版）
下载完成：148 - 5 - 民生故宫文创主题卡标准白金卡（符牌-如朕亲临版）
开始下载：148 - 6 - 民生故宫文创主题卡标准白金卡（服饰-金色龙袍版）
下载完成：148 - 6 - 民生故宫文创主题卡标准白金卡（服饰-金色龙袍版）
开始下载：148 - 7 - 民生故宫文创主题卡标准白金卡（服饰-蓝色龙袍版）
下载完成：148 - 7 - 民生故宫文创主题卡标准白金卡（服饰-蓝色龙袍版）
无该卡，跳过：149
开始下载：150 - 0 - 奇门遁甲id标准白金信用卡
下载完成：150 - 0 - 奇门遁甲id标准白金信用卡
开始下载：151 - 0 - A站id信用金卡-AC在，爱一直在版
下载完成：151 - 0 - A站id信用金卡-AC在，爱一直在版
开始下载：151 - 1 - A站id信用金卡-认真你就输了版
下载完成：151 - 1 - A站id信用金卡-认真你就输了版
无该卡，跳过：152
开始下载：153 - 0 - 美年大健康（上海）ID标准白金信用卡
下载完成：153 - 0 - 美年大健康（上海）ID标准白金信用卡
开始下载：154 - 0 - 妖猫传id标准白金信用卡
下载完成：154 - 0 - 妖猫传id标准白金信用卡
开始下载：154 - 1 - 妖猫传空海id标准白金信用卡
下载完成：154 - 1 - 妖猫传空海id标准白金信用卡
开始下载：154 - 2 - 妖猫传杨玉环id标准白金信用卡
下载完成：154 - 2 - 妖猫传杨玉环id标准白金信用卡
开始下载：154 - 3 - 妖猫传唐玄宗id标准白金信用卡
下载完成：154 - 3 - 妖猫传唐玄宗id标准白金信用卡
开始下载：154 - 4 - 妖猫传春琴id标准白金信用卡
下载完成：154 - 4 - 妖猫传春琴id标准白金信用卡
开始下载：154 - 5 - 妖猫传陈云樵id标准白金信用卡
下载完成：154 - 5 - 妖猫传陈云樵id标准白金信用卡
开始下载：155 - 0 - 民生峰享生日标准白金信用卡
下载完成：155 - 0 - 民生峰享生日标准白金信用卡
开始下载：155 - 1 - 民生峰享峰印标准白金信用卡
下载完成：155 - 1 - 民生峰享峰印标准白金信用卡
开始下载：155 - 2 - 民生峰享记易标准白金信用卡
下载完成：155 - 2 - 民生峰享记易标准白金信用卡
开始下载：156 - 0 - 民生厦航白鹭联名标准白金信用卡
下载完成：156 - 0 - 民生厦航白鹭联名标准白金信用卡
开始下载：157 - 0 - 和悦丹婷id标准白金信用卡
下载完成：157 - 0 - 和悦丹婷id标准白金信用卡
开始下载：158 - 0 - 腾湃id标准白金信用卡
下载完成：158 - 0 - 腾湃id标准白金信用卡
开始下载：159 - 0 - 世界邦id标准白金信用卡
下载完成：159 - 0 - 世界邦id标准白金信用卡
开始下载：160 - 0 - 超进化物语id信用金卡-巨龙再临版
下载完成：160 - 0 - 超进化物语id信用金卡-巨龙再临版
开始下载：160 - 1 - 超进化物语id信用金卡-美食家版
下载完成：160 - 1 - 超进化物语id信用金卡-美食家版
开始下载：160 - 2 - 超进化物语id信用金卡-萌新版
下载完成：160 - 2 - 超进化物语id信用金卡-萌新版
开始下载：161 - 0 - 捉妖记主题标准白金胡巴版
下载完成：161 - 0 - 捉妖记主题标准白金胡巴版
开始下载：161 - 1 - 捉妖记主题标白白金笨笨版
下载完成：161 - 1 - 捉妖记主题标白白金笨笨版
开始下载：162 - 0 - 傲娇萌主银联标准白金卡-招桃花
下载完成：162 - 0 - 傲娇萌主银联标准白金卡-招桃花
开始下载：162 - 1 - 傲娇萌主银联标准白金卡-吃不胖
下载完成：162 - 1 - 傲娇萌主银联标准白金卡-吃不胖
开始下载：162 - 2 - 傲娇萌主银联标准白金卡-有钱花
下载完成：162 - 2 - 傲娇萌主银联标准白金卡-有钱花
开始下载：162 - 3 - 傲娇萌主银联标准白金卡-吾皇版
下载完成：162 - 3 - 傲娇萌主银联标准白金卡-吾皇版
开始下载：162 - 4 - 傲娇萌主银联标准白金卡-巴扎黑
下载完成：162 - 4 - 傲娇萌主银联标准白金卡-巴扎黑
开始下载：163 - 0 - 山东网络电视海看id标准白金信用卡
下载完成：163 - 0 - 山东网络电视海看id标准白金信用卡
开始下载：164 - 0 - 每日优鲜id信用金卡
下载完成：164 - 0 - 每日优鲜id信用金卡
开始下载：165 - 0 - 皮皮系列id标准白金-皮皮游戏ID版1
下载完成：165 - 0 - 皮皮系列id标准白金-皮皮游戏ID版1
开始下载：165 - 1 - 皮皮系列id标准白金-皮皮游戏ID版2
下载完成：165 - 1 - 皮皮系列id标准白金-皮皮游戏ID版2
开始下载：165 - 2 - 皮皮系列id标准白金-皮皮·四方·弈乐ID版1
下载完成：165 - 2 - 皮皮系列id标准白金-皮皮·四方·弈乐ID版1
开始下载：165 - 3 - 皮皮系列id标准白金-皮皮·四方·弈乐ID版2
下载完成：165 - 3 - 皮皮系列id标准白金-皮皮·四方·弈乐ID版2
开始下载：165 - 4 - 皮皮系列id标准白金-星悦游戏ID版1
下载完成：165 - 4 - 皮皮系列id标准白金-星悦游戏ID版1
开始下载：165 - 5 - 皮皮系列id标准白金-星悦游戏ID版2
下载完成：165 - 5 - 皮皮系列id标准白金-星悦游戏ID版2
无该卡，跳过：166
无该卡，跳过：167
开始下载：168 - 0 - 金色世纪id标准白金信用卡
下载完成：168 - 0 - 金色世纪id标准白金信用卡
开始下载：169 - 0 - 靓家居id信用金卡
下载完成：169 - 0 - 靓家居id信用金卡
开始下载：170 - 0 - 问道ID标准白金信用卡-水女凤凰版
下载完成：170 - 0 - 问道ID标准白金信用卡-水女凤凰版
开始下载：170 - 1 - 问道ID标准白金信用卡-水男太极版
下载完成：170 - 1 - 问道ID标准白金信用卡-水男太极版
开始下载：170 - 2 - 问道ID标准白金信用卡-经典版
下载完成：170 - 2 - 问道ID标准白金信用卡-经典版
开始下载：171 - 0 - 皮皮游戏ID信用卡标准白金2
下载完成：171 - 0 - 皮皮游戏ID信用卡标准白金2
开始下载：171 - 1 - 皮皮游戏信用卡标准白金1
下载完成：171 - 1 - 皮皮游戏信用卡标准白金1
开始下载：172 - 0 - 皮皮·四方·弈乐ID标准白金信用卡2
下载完成：172 - 0 - 皮皮·四方·弈乐ID标准白金信用卡2
开始下载：172 - 1 -  皮皮·四方·弈乐ID标准白金信用卡1
下载完成：172 - 1 -  皮皮·四方·弈乐ID标准白金信用卡1
开始下载：173 - 0 - 星悦游戏ID标准白金信用卡2
下载完成：173 - 0 - 星悦游戏ID标准白金信用卡2
开始下载：173 - 1 - 星悦游戏ID标准白金信用卡1
下载完成：173 - 1 - 星悦游戏ID标准白金信用卡1
开始下载：174 - 0 - 大水川id标准白金信用卡
下载完成：174 - 0 - 大水川id标准白金信用卡
开始下载：175 - 0 - 上海蓝魔id标准白金信用卡
下载完成：175 - 0 - 上海蓝魔id标准白金信用卡
无该卡，跳过：176
开始下载：177 - 0 - 途虎养车id标准白金信用卡
下载完成：177 - 0 - 途虎养车id标准白金信用卡
无该卡，跳过：178
开始下载：179 - 0 - 邻趣id标准白金信用卡
下载完成：179 - 0 - 邻趣id标准白金信用卡
无该卡，跳过：180
开始下载：181 - 0 - 英魂之刃id标准白金信用卡-系列1
下载完成：181 - 0 - 英魂之刃id标准白金信用卡-系列1
开始下载：181 - 1 - 英魂之刃id标准白金信用卡-系列2
下载完成：181 - 1 - 英魂之刃id标准白金信用卡-系列2
开始下载：181 - 2 - 英魂之刃id标准白金信用卡-系列3
下载完成：181 - 2 - 英魂之刃id标准白金信用卡-系列3
开始下载：182 - 0 - 马鞍山市民主题卡
下载完成：182 - 0 - 马鞍山市民主题卡
开始下载：183 - 0 - 九州荣耀扶摇九州ID标准白金信用卡
下载完成：183 - 0 - 九州荣耀扶摇九州ID标准白金信用卡
开始下载：184 - 0 - 九州荣耀梦回山海ID标准白金信用卡
下载完成：184 - 0 - 九州荣耀梦回山海ID标准白金信用卡
开始下载：185 - 0 - 九州荣耀血战轩辕ID标准白金信用卡
下载完成：185 - 0 - 九州荣耀血战轩辕ID标准白金信用卡
无该卡，跳过：186
开始下载：187 - 0 - 民生长城互娱ID标准白金信用卡
下载完成：187 - 0 - 民生长城互娱ID标准白金信用卡
开始下载：188 - 0 - 民生寒杉数据ID标准白金信用卡
下载完成：188 - 0 - 民生寒杉数据ID标准白金信用卡
开始下载：189 - 0 - 民生少年锦衣卫ID信用金卡-石花版
下载完成：189 - 0 - 民生少年锦衣卫ID信用金卡-石花版
开始下载：189 - 1 - 民生少年锦衣卫ID信用金卡-棠亭版
下载完成：189 - 1 - 民生少年锦衣卫ID信用金卡-棠亭版
开始下载：189 - 2 - 民生少年锦衣卫ID信用金卡-云九版
下载完成：189 - 2 - 民生少年锦衣卫ID信用金卡-云九版
开始下载：190 - 0 - 民生全新奥迪A8L﹒ID标准白金信用卡
下载完成：190 - 0 - 民生全新奥迪A8L﹒ID标准白金信用卡
开始下载：191 - 0 - SNAKE ID标准白金信用卡
下载完成：191 - 0 - SNAKE ID标准白金信用卡
无该卡，跳过：192
开始下载：193 - 0 - 料理次元ID标准白金信用卡-白米饭版
下载完成：193 - 0 - 料理次元ID标准白金信用卡-白米饭版
开始下载：193 - 1 - 料理次元ID标准白金信用卡-冰糖燕窝版
下载完成：193 - 1 - 料理次元ID标准白金信用卡-冰糖燕窝版
开始下载：193 - 2 - 料理次元ID标准白金信用卡-玉子烧版
下载完成：193 - 2 - 料理次元ID标准白金信用卡-玉子烧版
开始下载：193 - 3 - 料理次元ID标准白金信用卡-月饼版
下载完成：193 - 3 - 料理次元ID标准白金信用卡-月饼版
开始下载：194 - 0 - 中国电子商会ID标准白金信用卡
下载完成：194 - 0 - 中国电子商会ID标准白金信用卡
开始下载：195 - 0 - 狗不理ID标准白金信用卡
下载完成：195 - 0 - 狗不理ID标准白金信用卡
开始下载：196 - 0 - 赛菲尔ID标准白金信用卡
下载完成：196 - 0 - 赛菲尔ID标准白金信用卡
开始下载：197 - 0 - 国宝系列铜镀金蓝瓷奖杯式钟
下载完成：197 - 0 - 国宝系列铜镀金蓝瓷奖杯式钟
开始下载：197 - 1 - 国宝系列四羊方尊
下载完成：197 - 1 - 国宝系列四羊方尊
开始下载：197 - 2 - 国宝系列兵马俑
下载完成：197 - 2 - 国宝系列兵马俑
开始下载：197 - 3 - 国宝系列大玉龙
下载完成：197 - 3 - 国宝系列大玉龙
开始下载：197 - 4 - 国宝系列越王勾践剑
下载完成：197 - 4 - 国宝系列越王勾践剑
开始下载：197 - 5 - 国宝系列金瓯永固杯
下载完成：197 - 5 - 国宝系列金瓯永固杯
开始下载：197 - 6 - 国宝系列瓷母大花瓶
下载完成：197 - 6 - 国宝系列瓷母大花瓶
开始下载：197 - 7 - 国宝系列掐丝珐琅缠枝花纹盏托
下载完成：197 - 7 - 国宝系列掐丝珐琅缠枝花纹盏托
开始下载：197 - 8 - 国宝系列辅首衔环
下载完成：197 - 8 - 国宝系列辅首衔环
开始下载：197 - 9 - 国宝系列兰亭集序
下载完成：197 - 9 - 国宝系列兰亭集序
开始下载：197 - 10 - 国宝系列千里江山图之一
下载完成：197 - 10 - 国宝系列千里江山图之一
开始下载：197 - 11 - 国宝系列千里江山图之二
下载完成：197 - 11 - 国宝系列千里江山图之二
开始下载：197 - 12 - 国宝系列千里江山图之三
下载完成：197 - 12 - 国宝系列千里江山图之三
开始下载：197 - 13 - 国宝系列千里江山图之四
下载完成：197 - 13 - 国宝系列千里江山图之四
开始下载：197 - 14 - 国宝系列千里江山图之五
下载完成：197 - 14 - 国宝系列千里江山图之五
开始下载：197 - 15 - 国宝系列千里江山图之六
下载完成：197 - 15 - 国宝系列千里江山图之六
开始下载：197 - 16 - 国宝系列千里江山图之七
下载完成：197 - 16 - 国宝系列千里江山图之七
开始下载：197 - 17 - 国宝系列千里江山图之八
下载完成：197 - 17 - 国宝系列千里江山图之八
开始下载：197 - 18 - 国宝系列千里江山图之九
下载完成：197 - 18 - 国宝系列千里江山图之九
开始下载：197 - 19 - 国宝系列千里江山图之十
下载完成：197 - 19 - 国宝系列千里江山图之十
开始下载：197 - 20 - 国宝系列千里江山图之十一
下载完成：197 - 20 - 国宝系列千里江山图之十一
开始下载：198 - 0 - 马鞍山市民主题卡马钢A版
下载完成：198 - 0 - 马鞍山市民主题卡马钢A版
开始下载：199 - 0 - 马鞍山市民主题卡马钢B版
下载完成：199 - 0 - 马鞍山市民主题卡马钢B版
开始下载：200 - 0 - 流放之路ID标准白金信用
下载完成：200 - 0 - 流放之路ID标准白金信用
开始下载：201 - 0 - 皇廷世家ID标准白金信用卡
下载完成：201 - 0 - 皇廷世家ID标准白金信用卡
无该卡，跳过：202
开始下载：203 - 0 - 稳住，我们能赢（京信成）
下载完成：203 - 0 - 稳住，我们能赢（京信成）
无该卡，跳过：204
开始下载：205 - 0 - 民生红旗连锁联名金卡
下载完成：205 - 0 - 民生红旗连锁联名金卡
开始下载：206 - 0 - 民生银联精英白金信用卡
下载完成：206 - 0 - 民生银联精英白金信用卡
开始下载：207 - 0 - 稻香酒家ID信用金卡
下载完成：207 - 0 - 稻香酒家ID信用金卡
开始下载：208 - 0 - 搜狐视频ID标准白金信用卡-爱心版
下载完成：208 - 0 - 搜狐视频ID标准白金信用卡-爱心版
开始下载：208 - 1 - 搜狐视频ID标准白金信用卡-气球版
下载完成：208 - 1 - 搜狐视频ID标准白金信用卡-气球版
开始下载：209 - 0 - 民生腾讯新闻信用卡金卡
下载完成：209 - 0 - 民生腾讯新闻信用卡金卡
开始下载：210 - 0 - 民生乐友ID标准白金信用卡
下载完成：210 - 0 - 民生乐友ID标准白金信用卡
开始下载：211 - 0 - 颐和园ID标准白金信用卡-佛香阁版
下载完成：211 - 0 - 颐和园ID标准白金信用卡-佛香阁版
开始下载：211 - 1 - 颐和园ID标准白金信用卡-十七孔桥版
下载完成：211 - 1 - 颐和园ID标准白金信用卡-十七孔桥版
开始下载：212 - 0 - 民生Mastercard芯动信用卡
下载完成：212 - 0 - 民生Mastercard芯动信用卡
开始下载：213 - 0 - 大黄蜂版民生中国石油联名加油信用标准白金卡
下载完成：213 - 0 - 大黄蜂版民生中国石油联名加油信用标准白金卡
开始下载：214 - 0 - 汽车人版民生中国石油联名加油标准白金信用卡
下载完成：214 - 0 - 汽车人版民生中国石油联名加油标准白金信用卡
开始下载：214 - 1 - 霸天虎版民生中国石油联名加油标准白金信用卡
下载完成：214 - 1 - 霸天虎版民生中国石油联名加油标准白金信用卡
开始下载：214 - 2 - 大黄蜂版民生中国石油联名加油标准白金信用卡
下载完成：214 - 2 - 大黄蜂版民生中国石油联名加油标准白金信用卡
开始下载：214 - 3 - 擎天柱版民生中国石油联名加油标准白金信用卡
下载完成：214 - 3 - 擎天柱版民生中国石油联名加油标准白金信用卡
开始下载：215 - 0 - 积极碧琪民生中国石油联名加油标准白金信用卡
下载完成：215 - 0 - 积极碧琪民生中国石油联名加油标准白金信用卡
开始下载：215 - 1 - 闪电云宝民生中国石油联名加油标准白金信用卡
下载完成：215 - 1 - 闪电云宝民生中国石油联名加油标准白金信用卡
开始下载：215 - 2 - 学霸紫悦民生中国石油联名加油标准白金信用卡
下载完成：215 - 2 - 学霸紫悦民生中国石油联名加油标准白金信用卡
开始下载：215 - 3 - 小马宝莉民生中国石油联名加油标准白金信用卡
下载完成：215 - 3 - 小马宝莉民生中国石油联名加油标准白金信用卡
开始下载：216 - 0 - 中国风系列—流光（冰沙工艺）
下载完成：216 - 0 - 中国风系列—流光（冰沙工艺）
开始下载：216 - 1 - 中国风系列—静墨（贝壳工艺）
下载完成：216 - 1 - 中国风系列—静墨（贝壳工艺）
开始下载：216 - 2 - 中国风系列—卷香（刺绣工艺）
下载完成：216 - 2 - 中国风系列—卷香（刺绣工艺）
开始下载：216 - 3 - 中国风系列—恋花（丝绸工艺）
下载完成：216 - 3 - 中国风系列—恋花（丝绸工艺）
开始下载：216 - 4 - 中国风系列—林泉（宣纸工艺）
下载完成：216 - 4 - 中国风系列—林泉（宣纸工艺）
开始下载：216 - 5 - 中国风系列—暖春（木纹工艺）
下载完成：216 - 5 - 中国风系列—暖春（木纹工艺）
开始下载：216 - 6 - 中国风系列—朱窗（刺绣工艺）
下载完成：216 - 6 - 中国风系列—朱窗（刺绣工艺）
开始下载：216 - 7 - 中国风系列—珠鬓（木纹工艺）
下载完成：216 - 7 - 中国风系列—珠鬓（木纹工艺）
开始下载：217 - 0 - 民生55海淘联名信用卡
下载完成：217 - 0 - 民生55海淘联名信用卡
开始下载：218 - 0 - 国宝越王勾践剑
下载完成：218 - 0 - 国宝越王勾践剑
开始下载：218 - 1 - 国宝金瓯永固杯
下载完成：218 - 1 - 国宝金瓯永固杯
开始下载：218 - 2 - 国宝兵马俑 
下载完成：218 - 2 - 国宝兵马俑 
开始下载：218 - 3 - 国宝大玉龙 
下载完成：218 - 3 - 国宝大玉龙 
开始下载：218 - 4 - 国宝铜镀金蓝瓷奖杯式钟
下载完成：218 - 4 - 国宝铜镀金蓝瓷奖杯式钟
开始下载：218 - 5 - 国宝瓷母大花瓶
下载完成：218 - 5 - 国宝瓷母大花瓶
开始下载：218 - 6 - 国宝四羊方尊
下载完成：218 - 6 - 国宝四羊方尊
开始下载：218 - 7 - 国宝兰亭集序
下载完成：218 - 7 - 国宝兰亭集序
开始下载：218 - 8 - 国宝掐丝珐琅缠枝花纹盏托
下载完成：218 - 8 - 国宝掐丝珐琅缠枝花纹盏托
开始下载：218 - 9 - 国宝辅首衔环
下载完成：218 - 9 - 国宝辅首衔环
开始下载：218 - 10 - 国宝千里江山图之一
下载完成：218 - 10 - 国宝千里江山图之一
开始下载：218 - 11 - 国宝千里江山图之二
下载完成：218 - 11 - 国宝千里江山图之二
开始下载：218 - 12 - 国宝千里江山图之三
下载完成：218 - 12 - 国宝千里江山图之三
开始下载：218 - 13 - 国宝千里江山图之四
下载完成：218 - 13 - 国宝千里江山图之四
开始下载：218 - 14 - 国宝千里江山图之五
下载完成：218 - 14 - 国宝千里江山图之五
开始下载：218 - 15 - 国宝千里江山图之六
下载完成：218 - 15 - 国宝千里江山图之六
开始下载：218 - 16 - 国宝千里江山图之七
下载完成：218 - 16 - 国宝千里江山图之七
开始下载：218 - 17 - 国宝千里江山图之八
下载完成：218 - 17 - 国宝千里江山图之八
开始下载：218 - 18 - 国宝千里江山图之九
下载完成：218 - 18 - 国宝千里江山图之九
开始下载：218 - 19 - 国宝千里江山图之十
下载完成：218 - 19 - 国宝千里江山图之十
开始下载：218 - 20 - 国宝千里江山图之十一
下载完成：218 - 20 - 国宝千里江山图之十一
开始下载：219 - 0 - 国宝金瓯永固杯
下载完成：219 - 0 - 国宝金瓯永固杯
开始下载：219 - 1 - 国宝越王勾践剑
下载完成：219 - 1 - 国宝越王勾践剑
开始下载：219 - 2 - 国宝兵马俑
下载完成：219 - 2 - 国宝兵马俑
开始下载：219 - 3 - 国宝大玉龙 
下载完成：219 - 3 - 国宝大玉龙 
开始下载：219 - 4 - 国宝四羊方尊
下载完成：219 - 4 - 国宝四羊方尊
开始下载：219 - 5 - 国宝铜镀金蓝瓷奖杯式钟
下载完成：219 - 5 - 国宝铜镀金蓝瓷奖杯式钟
开始下载：219 - 6 - 国宝兰亭集序
下载完成：219 - 6 - 国宝兰亭集序
开始下载：219 - 7 - 国宝掐丝珐琅缠枝花纹盏托
下载完成：219 - 7 - 国宝掐丝珐琅缠枝花纹盏托
开始下载：219 - 8 - 国宝辅首衔环
下载完成：219 - 8 - 国宝辅首衔环
开始下载：219 - 9 - 国宝千里江山图之一
下载完成：219 - 9 - 国宝千里江山图之一
开始下载：219 - 10 - 国宝千里江山图之二
下载完成：219 - 10 - 国宝千里江山图之二
开始下载：219 - 11 - 国宝千里江山图之三
下载完成：219 - 11 - 国宝千里江山图之三
开始下载：219 - 12 - 国宝千里江山图之四
下载完成：219 - 12 - 国宝千里江山图之四
开始下载：219 - 13 - 国宝千里江山图之五
下载完成：219 - 13 - 国宝千里江山图之五
开始下载：219 - 14 - 国宝千里江山图之六
下载完成：219 - 14 - 国宝千里江山图之六
开始下载：219 - 15 - 国宝千里江山图之七
下载完成：219 - 15 - 国宝千里江山图之七
开始下载：219 - 16 - 国宝千里江山图之八
下载完成：219 - 16 - 国宝千里江山图之八
开始下载：219 - 17 - 国宝千里江山图之九
下载完成：219 - 17 - 国宝千里江山图之九
开始下载：219 - 18 - 国宝千里江山图之十
下载完成：219 - 18 - 国宝千里江山图之十
开始下载：219 - 19 - 国宝千里江山图之十一
下载完成：219 - 19 - 国宝千里江山图之十一
开始下载：219 - 20 - 国宝瓷母大花瓶
下载完成：219 - 20 - 国宝瓷母大花瓶
开始下载：220 - 0 - 国宝兰亭集序
下载完成：220 - 0 - 国宝兰亭集序
开始下载：220 - 1 - 国宝掐丝珐琅缠枝花纹盏托
下载完成：220 - 1 - 国宝掐丝珐琅缠枝花纹盏托
开始下载：220 - 2 - 国宝辅首衔环
下载完成：220 - 2 - 国宝辅首衔环
开始下载：220 - 3 - 国宝越王勾践剑
下载完成：220 - 3 - 国宝越王勾践剑
开始下载：220 - 4 - 国宝兵马俑
下载完成：220 - 4 - 国宝兵马俑
开始下载：220 - 5 - 国宝大玉龙
下载完成：220 - 5 - 国宝大玉龙
开始下载：220 - 6 - 国宝四羊方尊
下载完成：220 - 6 - 国宝四羊方尊
开始下载：220 - 7 - 国宝金瓯永固杯
下载完成：220 - 7 - 国宝金瓯永固杯
开始下载：220 - 8 - 国宝铜镀金蓝瓷奖杯式钟
下载完成：220 - 8 - 国宝铜镀金蓝瓷奖杯式钟
开始下载：220 - 9 - 国宝瓷母大花瓶
下载完成：220 - 9 - 国宝瓷母大花瓶
开始下载：220 - 10 - 国宝千里江山图之一
下载完成：220 - 10 - 国宝千里江山图之一
开始下载：220 - 11 - 国宝千里江山图之二
下载完成：220 - 11 - 国宝千里江山图之二
开始下载：220 - 12 - 国宝千里江山图之三
下载完成：220 - 12 - 国宝千里江山图之三
开始下载：220 - 13 - 国宝千里江山图之四
下载完成：220 - 13 - 国宝千里江山图之四
开始下载：220 - 14 - 国宝千里江山图之五
下载完成：220 - 14 - 国宝千里江山图之五
开始下载：220 - 15 - 国宝千里江山图之六
下载完成：220 - 15 - 国宝千里江山图之六
开始下载：220 - 16 - 国宝千里江山图之七
下载完成：220 - 16 - 国宝千里江山图之七
开始下载：220 - 17 - 国宝千里江山图之八
下载完成：220 - 17 - 国宝千里江山图之八
开始下载：220 - 18 - 国宝千里江山图之九
下载完成：220 - 18 - 国宝千里江山图之九
开始下载：220 - 19 - 国宝千里江山图之十
下载完成：220 - 19 - 国宝千里江山图之十
开始下载：220 - 20 - 国宝千里江山图之十一
下载完成：220 - 20 - 国宝千里江山图之十一
开始下载：221 - 0 - 国宝大玉龙
下载完成：221 - 0 - 国宝大玉龙
开始下载：221 - 1 - 国宝越王勾践剑
下载完成：221 - 1 - 国宝越王勾践剑
开始下载：221 - 2 - 国宝兵马俑 
下载完成：221 - 2 - 国宝兵马俑 
开始下载：221 - 3 - 国宝四羊方尊
下载完成：221 - 3 - 国宝四羊方尊
开始下载：221 - 4 - 国宝金瓯永固杯
下载完成：221 - 4 - 国宝金瓯永固杯
开始下载：221 - 5 - 国宝铜镀金蓝瓷奖杯式钟
下载完成：221 - 5 - 国宝铜镀金蓝瓷奖杯式钟
开始下载：221 - 6 - 国宝兰亭集序 
下载完成：221 - 6 - 国宝兰亭集序 
开始下载：221 - 7 - 国宝掐丝珐琅缠枝花纹盏托
下载完成：221 - 7 - 国宝掐丝珐琅缠枝花纹盏托
开始下载：221 - 8 - 国宝辅首衔环 
下载完成：221 - 8 - 国宝辅首衔环 
开始下载：221 - 9 - 国宝千里江山图之一
下载完成：221 - 9 - 国宝千里江山图之一
开始下载：221 - 10 - 国宝千里江山图之二
下载完成：221 - 10 - 国宝千里江山图之二
开始下载：221 - 11 - 国宝千里江山图之三
下载完成：221 - 11 - 国宝千里江山图之三
开始下载：221 - 12 - 国宝千里江山图之四
下载完成：221 - 12 - 国宝千里江山图之四
开始下载：221 - 13 - 国宝千里江山图之五
下载完成：221 - 13 - 国宝千里江山图之五
开始下载：221 - 14 - 国宝千里江山图之六
下载完成：221 - 14 - 国宝千里江山图之六
开始下载：221 - 15 - 国宝千里江山图之七
下载完成：221 - 15 - 国宝千里江山图之七
开始下载：221 - 16 - 国宝千里江山图之八
下载完成：221 - 16 - 国宝千里江山图之八
开始下载：221 - 17 - 国宝千里江山图之九
下载完成：221 - 17 - 国宝千里江山图之九
开始下载：221 - 18 - 国宝千里江山图之十
下载完成：221 - 18 - 国宝千里江山图之十
开始下载：221 - 19 - 国宝千里江山图之十一
下载完成：221 - 19 - 国宝千里江山图之十一
开始下载：221 - 20 - 国宝瓷母大花瓶
下载完成：221 - 20 - 国宝瓷母大花瓶
开始下载：222 - 0 - 国宝掐丝珐琅缠枝花纹盏托
下载完成：222 - 0 - 国宝掐丝珐琅缠枝花纹盏托
开始下载：222 - 1 - 国宝兰亭集序
下载完成：222 - 1 - 国宝兰亭集序
开始下载：222 - 2 - 国宝辅首衔环
下载完成：222 - 2 - 国宝辅首衔环
开始下载：222 - 3 - 国宝越王勾践剑
下载完成：222 - 3 - 国宝越王勾践剑
开始下载：222 - 4 - 国宝兵马俑
下载完成：222 - 4 - 国宝兵马俑
开始下载：222 - 5 - 国宝大玉龙
下载完成：222 - 5 - 国宝大玉龙
开始下载：222 - 6 - 国宝四羊方尊
下载完成：222 - 6 - 国宝四羊方尊
开始下载：222 - 7 - 国宝金瓯永固杯
下载完成：222 - 7 - 国宝金瓯永固杯
开始下载：222 - 8 - 国宝铜镀金蓝瓷奖杯式钟
下载完成：222 - 8 - 国宝铜镀金蓝瓷奖杯式钟
开始下载：222 - 9 - 国宝瓷母大花瓶
下载完成：222 - 9 - 国宝瓷母大花瓶
开始下载：222 - 10 - 国宝千里江山图之一
下载完成：222 - 10 - 国宝千里江山图之一
开始下载：222 - 11 - 国宝千里江山图之二
下载完成：222 - 11 - 国宝千里江山图之二
开始下载：222 - 12 - 国宝千里江山图之三
下载完成：222 - 12 - 国宝千里江山图之三
开始下载：222 - 13 - 国宝千里江山图之四
下载完成：222 - 13 - 国宝千里江山图之四
开始下载：222 - 14 - 国宝千里江山图之五
下载完成：222 - 14 - 国宝千里江山图之五
开始下载：222 - 15 - 国宝千里江山图之六
下载完成：222 - 15 - 国宝千里江山图之六
开始下载：222 - 16 - 国宝千里江山图之七
下载完成：222 - 16 - 国宝千里江山图之七
开始下载：222 - 17 - 国宝千里江山图之八
下载完成：222 - 17 - 国宝千里江山图之八
开始下载：222 - 18 - 国宝千里江山图之九
下载完成：222 - 18 - 国宝千里江山图之九
开始下载：222 - 19 - 国宝千里江山图之十
下载完成：222 - 19 - 国宝千里江山图之十
开始下载：222 - 20 - 国宝千里江山图之十一
下载完成：222 - 20 - 国宝千里江山图之十一
开始下载：223 - 0 - 国宝辅首衔环
下载完成：223 - 0 - 国宝辅首衔环
开始下载：223 - 1 - 国宝兰亭集序
下载完成：223 - 1 - 国宝兰亭集序
开始下载：223 - 2 - 国宝掐丝珐琅缠枝花纹盏托
下载完成：223 - 2 - 国宝掐丝珐琅缠枝花纹盏托
开始下载：223 - 3 - 国宝越王勾践剑
下载完成：223 - 3 - 国宝越王勾践剑
开始下载：223 - 4 - 国宝兵马俑 
下载完成：223 - 4 - 国宝兵马俑 
开始下载：223 - 5 - 国宝大玉龙
下载完成：223 - 5 - 国宝大玉龙
开始下载：223 - 6 - 国宝四羊方尊
下载完成：223 - 6 - 国宝四羊方尊
开始下载：223 - 7 - 国宝金瓯永固杯
下载完成：223 - 7 - 国宝金瓯永固杯
开始下载：223 - 8 - 国宝铜镀金蓝瓷奖杯式钟
下载完成：223 - 8 - 国宝铜镀金蓝瓷奖杯式钟
开始下载：223 - 9 - 国宝瓷母大花瓶
下载完成：223 - 9 - 国宝瓷母大花瓶
开始下载：223 - 10 - 国宝千里江山图之一
下载完成：223 - 10 - 国宝千里江山图之一
开始下载：223 - 11 - 国宝千里江山图之二
下载完成：223 - 11 - 国宝千里江山图之二
开始下载：223 - 12 - 国宝千里江山图之三
下载完成：223 - 12 - 国宝千里江山图之三
开始下载：223 - 13 - 国宝千里江山图之四
下载完成：223 - 13 - 国宝千里江山图之四
开始下载：223 - 14 - 国宝千里江山图之五
下载完成：223 - 14 - 国宝千里江山图之五
开始下载：223 - 15 - 国宝千里江山图之六
下载完成：223 - 15 - 国宝千里江山图之六
开始下载：223 - 16 - 国宝千里江山图之七
下载完成：223 - 16 - 国宝千里江山图之七
开始下载：223 - 17 - 国宝千里江山图之八
下载完成：223 - 17 - 国宝千里江山图之八
开始下载：223 - 18 - 国宝千里江山图之九
下载完成：223 - 18 - 国宝千里江山图之九
开始下载：223 - 19 - 国宝千里江山图之十
下载完成：223 - 19 - 国宝千里江山图之十
开始下载：223 - 20 - 国宝千里江山图之十一
下载完成：223 - 20 - 国宝千里江山图之十一
开始下载：224 - 0 - 国宝四羊方尊
下载完成：224 - 0 - 国宝四羊方尊
开始下载：224 - 1 - 国宝越王勾践剑
下载完成：224 - 1 - 国宝越王勾践剑
开始下载：224 - 2 - 国宝兵马俑
下载完成：224 - 2 - 国宝兵马俑
开始下载：224 - 3 - 国宝大玉龙 
下载完成：224 - 3 - 国宝大玉龙 
开始下载：224 - 4 - 国宝金瓯永固杯
下载完成：224 - 4 - 国宝金瓯永固杯
开始下载：224 - 5 - 国宝铜镀金蓝瓷奖杯式钟
下载完成：224 - 5 - 国宝铜镀金蓝瓷奖杯式钟
开始下载：224 - 6 - 国宝兰亭集序
下载完成：224 - 6 - 国宝兰亭集序
开始下载：224 - 7 - 国宝掐丝珐琅缠枝花纹盏托
下载完成：224 - 7 - 国宝掐丝珐琅缠枝花纹盏托
开始下载：224 - 8 - 国宝辅首衔环
下载完成：224 - 8 - 国宝辅首衔环
开始下载：224 - 9 - 国宝千里江山图之一
下载完成：224 - 9 - 国宝千里江山图之一
开始下载：224 - 10 - 国宝千里江山图之二
下载完成：224 - 10 - 国宝千里江山图之二
开始下载：224 - 11 - 国宝千里江山图之三
下载完成：224 - 11 - 国宝千里江山图之三
开始下载：224 - 12 - 国宝千里江山图之四
下载完成：224 - 12 - 国宝千里江山图之四
开始下载：224 - 13 - 国宝千里江山图之五
下载完成：224 - 13 - 国宝千里江山图之五
开始下载：224 - 14 - 国宝千里江山图之六
下载完成：224 - 14 - 国宝千里江山图之六
开始下载：224 - 15 - 国宝千里江山图之七
下载完成：224 - 15 - 国宝千里江山图之七
开始下载：224 - 16 - 国宝千里江山图之八
下载完成：224 - 16 - 国宝千里江山图之八
开始下载：224 - 17 - 国宝千里江山图之九
下载完成：224 - 17 - 国宝千里江山图之九
开始下载：224 - 18 - 国宝千里江山图之十
下载完成：224 - 18 - 国宝千里江山图之十
开始下载：224 - 19 - 国宝千里江山图之十一
下载完成：224 - 19 - 国宝千里江山图之十一
开始下载：224 - 20 - 国宝瓷母大花瓶
下载完成：224 - 20 - 国宝瓷母大花瓶
开始下载：225 - 0 - 国宝铜镀金蓝瓷奖杯式钟
下载完成：225 - 0 - 国宝铜镀金蓝瓷奖杯式钟
开始下载：225 - 1 - 国宝越王勾践剑
下载完成：225 - 1 - 国宝越王勾践剑
开始下载：225 - 2 - 国宝兵马俑
下载完成：225 - 2 - 国宝兵马俑
开始下载：225 - 3 - 国宝大玉龙
下载完成：225 - 3 - 国宝大玉龙
开始下载：225 - 4 - 国宝四羊方尊
下载完成：225 - 4 - 国宝四羊方尊
开始下载：225 - 5 - 国宝金瓯永固杯
下载完成：225 - 5 - 国宝金瓯永固杯
开始下载：225 - 6 - 国宝兰亭集序 
下载完成：225 - 6 - 国宝兰亭集序 
开始下载：225 - 7 - 国宝掐丝珐琅缠枝花纹盏托
下载完成：225 - 7 - 国宝掐丝珐琅缠枝花纹盏托
开始下载：225 - 8 - 国宝辅首衔环
下载完成：225 - 8 - 国宝辅首衔环
开始下载：225 - 9 - 国宝千里江山图之一
下载完成：225 - 9 - 国宝千里江山图之一
开始下载：225 - 10 - 国宝千里江山图之二
下载完成：225 - 10 - 国宝千里江山图之二
开始下载：225 - 11 - 国宝千里江山图之三
下载完成：225 - 11 - 国宝千里江山图之三
开始下载：225 - 12 - 国宝千里江山图之四
下载完成：225 - 12 - 国宝千里江山图之四
开始下载：225 - 13 - 国宝千里江山图之五
下载完成：225 - 13 - 国宝千里江山图之五
开始下载：225 - 14 - 国宝千里江山图之六
下载完成：225 - 14 - 国宝千里江山图之六
开始下载：225 - 15 - 国宝千里江山图之七
下载完成：225 - 15 - 国宝千里江山图之七
开始下载：225 - 16 - 国宝千里江山图之八
下载完成：225 - 16 - 国宝千里江山图之八
开始下载：225 - 17 - 国宝千里江山图之九
下载完成：225 - 17 - 国宝千里江山图之九
开始下载：225 - 18 - 国宝千里江山图之十
下载完成：225 - 18 - 国宝千里江山图之十
开始下载：225 - 19 - 国宝千里江山图之十一
下载完成：225 - 19 - 国宝千里江山图之十一
开始下载：225 - 20 - 国宝瓷母大花瓶
下载完成：225 - 20 - 国宝瓷母大花瓶
开始下载：226 - 0 - 国宝千里江山图之一
下载完成：226 - 0 - 国宝千里江山图之一
开始下载：226 - 1 - 国宝千里江山图之二
下载完成：226 - 1 - 国宝千里江山图之二
开始下载：226 - 2 - 国宝千里江山图之三
下载完成：226 - 2 - 国宝千里江山图之三
开始下载：226 - 3 - 国宝千里江山图之四
下载完成：226 - 3 - 国宝千里江山图之四
开始下载：226 - 4 - 国宝千里江山图之五
下载完成：226 - 4 - 国宝千里江山图之五
开始下载：226 - 5 - 国宝千里江山图之六
下载完成：226 - 5 - 国宝千里江山图之六
开始下载：226 - 6 - 国宝千里江山图之七
下载完成：226 - 6 - 国宝千里江山图之七
开始下载：226 - 7 - 国宝千里江山图之八
下载完成：226 - 7 - 国宝千里江山图之八
开始下载：226 - 8 - 国宝千里江山图之九
下载完成：226 - 8 - 国宝千里江山图之九
开始下载：226 - 9 - 国宝千里江山图之十
下载完成：226 - 9 - 国宝千里江山图之十
开始下载：226 - 10 - 国宝千里江山图之十一
下载完成：226 - 10 - 国宝千里江山图之十一
开始下载：226 - 11 - 国宝兰亭集序
下载完成：226 - 11 - 国宝兰亭集序
开始下载：226 - 12 - 国宝掐丝珐琅缠枝花纹盏托
下载完成：226 - 12 - 国宝掐丝珐琅缠枝花纹盏托
开始下载：226 - 13 - 国宝辅首衔环
下载完成：226 - 13 - 国宝辅首衔环
开始下载：226 - 14 - 国宝越王勾践剑
下载完成：226 - 14 - 国宝越王勾践剑
开始下载：226 - 15 - 国宝兵马俑
下载完成：226 - 15 - 国宝兵马俑
开始下载：226 - 16 - 国宝大玉龙
下载完成：226 - 16 - 国宝大玉龙
开始下载：226 - 17 - 国宝四羊方尊
下载完成：226 - 17 - 国宝四羊方尊
开始下载：226 - 18 - 国宝金瓯永固杯
下载完成：226 - 18 - 国宝金瓯永固杯
开始下载：226 - 19 - 国宝铜镀金蓝瓷奖杯式钟
下载完成：226 - 19 - 国宝铜镀金蓝瓷奖杯式钟
开始下载：226 - 20 - 国宝瓷母大花瓶
下载完成：226 - 20 - 国宝瓷母大花瓶
开始下载：227 - 0 - 国宝瓷母大花瓶
下载完成：227 - 0 - 国宝瓷母大花瓶
开始下载：227 - 1 - 国宝越王勾践剑
下载完成：227 - 1 - 国宝越王勾践剑
开始下载：227 - 2 - 国宝兵马俑
下载完成：227 - 2 - 国宝兵马俑
开始下载：227 - 3 - 国宝大玉龙
下载完成：227 - 3 - 国宝大玉龙
开始下载：227 - 4 - 国宝四羊方尊
下载完成：227 - 4 - 国宝四羊方尊
开始下载：227 - 5 - 国宝金瓯永固杯
下载完成：227 - 5 - 国宝金瓯永固杯
开始下载：227 - 6 - 国宝铜镀金蓝瓷奖杯式钟
下载完成：227 - 6 - 国宝铜镀金蓝瓷奖杯式钟
开始下载：227 - 7 - 国宝兰亭集序
下载完成：227 - 7 - 国宝兰亭集序
开始下载：227 - 8 - 国宝掐丝珐琅缠枝花纹盏托
下载完成：227 - 8 - 国宝掐丝珐琅缠枝花纹盏托
开始下载：227 - 9 - 国宝辅首衔环
下载完成：227 - 9 - 国宝辅首衔环
开始下载：227 - 10 - 国宝千里江山图之一
下载完成：227 - 10 - 国宝千里江山图之一
开始下载：227 - 11 - 国宝千里江山图之二
下载完成：227 - 11 - 国宝千里江山图之二
开始下载：227 - 12 - 国宝千里江山图之三
下载完成：227 - 12 - 国宝千里江山图之三
开始下载：227 - 13 - 国宝千里江山图之四
下载完成：227 - 13 - 国宝千里江山图之四
开始下载：227 - 14 - 国宝千里江山图之五
下载完成：227 - 14 - 国宝千里江山图之五
开始下载：227 - 15 - 国宝千里江山图之六
下载完成：227 - 15 - 国宝千里江山图之六
开始下载：227 - 16 - 国宝千里江山图之七
下载完成：227 - 16 - 国宝千里江山图之七
开始下载：227 - 17 - 国宝千里江山图之八
下载完成：227 - 17 - 国宝千里江山图之八
开始下载：227 - 18 - 国宝千里江山图之九
下载完成：227 - 18 - 国宝千里江山图之九
开始下载：227 - 19 - 国宝千里江山图之十
下载完成：227 - 19 - 国宝千里江山图之十
开始下载：227 - 20 - 国宝千里江山图之十一
下载完成：227 - 20 - 国宝千里江山图之十一
开始下载：228 - 0 - 国宝兵马俑
下载完成：228 - 0 - 国宝兵马俑
开始下载：228 - 1 - 国宝越王勾践剑
下载完成：228 - 1 - 国宝越王勾践剑
开始下载：228 - 2 - 国宝大玉龙
下载完成：228 - 2 - 国宝大玉龙
开始下载：228 - 3 - 国宝四羊方尊
下载完成：228 - 3 - 国宝四羊方尊
开始下载：228 - 4 - 国宝铜镀金蓝瓷奖杯式钟
下载完成：228 - 4 - 国宝铜镀金蓝瓷奖杯式钟
开始下载：228 - 5 - 国宝金瓯永固杯
下载完成：228 - 5 - 国宝金瓯永固杯
开始下载：228 - 6 - 国宝兰亭集序
下载完成：228 - 6 - 国宝兰亭集序
开始下载：228 - 7 - 国宝掐丝珐琅缠枝花纹盏托
下载完成：228 - 7 - 国宝掐丝珐琅缠枝花纹盏托
开始下载：228 - 8 - 国宝辅首衔环
下载完成：228 - 8 - 国宝辅首衔环
开始下载：228 - 9 - 国宝千里江山图之一
下载完成：228 - 9 - 国宝千里江山图之一
开始下载：228 - 10 - 国宝千里江山图之二
下载完成：228 - 10 - 国宝千里江山图之二
开始下载：228 - 11 - 国宝千里江山图之三
下载完成：228 - 11 - 国宝千里江山图之三
开始下载：228 - 12 - 国宝千里江山图之四
下载完成：228 - 12 - 国宝千里江山图之四
开始下载：228 - 13 - 国宝千里江山图之五
下载完成：228 - 13 - 国宝千里江山图之五
开始下载：228 - 14 - 国宝千里江山图之六
下载完成：228 - 14 - 国宝千里江山图之六
开始下载：228 - 15 - 国宝千里江山图之七
下载完成：228 - 15 - 国宝千里江山图之七
开始下载：228 - 16 - 国宝千里江山图之八
下载完成：228 - 16 - 国宝千里江山图之八
开始下载：228 - 17 - 国宝千里江山图之九
下载完成：228 - 17 - 国宝千里江山图之九
开始下载：228 - 18 - 国宝千里江山图之十
下载完成：228 - 18 - 国宝千里江山图之十
开始下载：228 - 19 - 国宝千里江山图之十一
下载完成：228 - 19 - 国宝千里江山图之十一
开始下载：228 - 20 - 国宝瓷母大花瓶
下载完成：228 - 20 - 国宝瓷母大花瓶
开始下载：229 - 0 - 民生微医联名信用卡
下载完成：229 - 0 - 民生微医联名信用卡
无该卡，跳过：230
开始下载：231 - 0 - 民生功夫财经联名标准白金信用卡
下载完成：231 - 0 - 民生功夫财经联名标准白金信用卡
开始下载：232 - 0 - 高尔夫ID信用卡
下载完成：232 - 0 - 高尔夫ID信用卡
开始下载：233 - 0 - 民生MORE世界卡
下载完成：233 - 0 - 民生MORE世界卡
无该卡，跳过：234
开始下载：235 - 0 - 民生腾讯爱玩游戏主题卡
下载完成：235 - 0 - 民生腾讯爱玩游戏主题卡
开始下载：236 - 0 - 民生茶啊二中ID标准白金信用卡-教室版
下载完成：236 - 0 - 民生茶啊二中ID标准白金信用卡-教室版
开始下载：236 - 1 - 民生茶啊二中ID标准白金信用卡-文字版
下载完成：236 - 1 - 民生茶啊二中ID标准白金信用卡-文字版
开始下载：236 - 2 - 民生茶啊二中ID标准白金信用卡-星空版
下载完成：236 - 2 - 民生茶啊二中ID标准白金信用卡-星空版
开始下载：237 - 0 - A站ID信用金卡﹒“AC x 轻年”A款
下载完成：237 - 0 - A站ID信用金卡﹒“AC x 轻年”A款
开始下载：237 - 1 - A站ID信用金卡﹒“AC x 轻年”B款
下载完成：237 - 1 - A站ID信用金卡﹒“AC x 轻年”B款
开始下载：237 - 2 - A站ID信用金卡﹒“AC x 轻年”C款
下载完成：237 - 2 - A站ID信用金卡﹒“AC x 轻年”C款
开始下载：237 - 3 - A站ID信用金卡﹒“AC x 轻年”D款
下载完成：237 - 3 - A站ID信用金卡﹒“AC x 轻年”D款
开始下载：237 - 4 - A站ID信用金卡﹒“AC在，爱一直在”款
下载完成：237 - 4 - A站ID信用金卡﹒“AC在，爱一直在”款
开始下载：237 - 5 - A站ID信用金卡﹒“认真你就输啦”款
下载完成：237 - 5 - A站ID信用金卡﹒“认真你就输啦”款
无该卡，跳过：238
开始下载：239 - 0 - 民生智联招聘信用金卡
下载完成：239 - 0 - 民生智联招聘信用金卡
开始下载：240 - 0 - 民生空港易行联名标准白金信用卡
下载完成：240 - 0 - 民生空港易行联名标准白金信用卡
开始下载：241 - 0 - 民生小伴龙ID信用金卡-伴我遨游卡
下载完成：241 - 0 - 民生小伴龙ID信用金卡-伴我遨游卡
开始下载：242 - 0 - 民生首汽约车信用金卡
下载完成：242 - 0 - 民生首汽约车信用金卡
开始下载：243 - 0 - 民生美图联名标准白金信用卡-海豹版
下载完成：243 - 0 - 民生美图联名标准白金信用卡-海豹版
开始下载：243 - 1 - 民生美图联名标准白金信用卡-定制横版
下载完成：243 - 1 - 民生美图联名标准白金信用卡-定制横版
开始下载：243 - 2 - 民生美图标准白金联名信用卡-定制竖版
下载完成：243 - 2 - 民生美图标准白金联名信用卡-定制竖版
开始下载：244 - 0 - 民生欢乐斗地主王炸联名信用金卡
下载完成：244 - 0 - 民生欢乐斗地主王炸联名信用金卡
开始下载：244 - 1 - 民生欢乐斗地主地主联名信用金卡
下载完成：244 - 1 - 民生欢乐斗地主地主联名信用金卡
无该卡，跳过：245
开始下载：246 - 0 - 民生银联尊尚精英白金卡
下载完成：246 - 0 - 民生银联尊尚精英白金卡
开始下载：247 - 0 - 民生十二生肖标准白金卡精雕版-生肖猪
下载完成：247 - 0 - 民生十二生肖标准白金卡精雕版-生肖猪
开始下载：247 - 1 - 民生十二生肖标准白金卡精雕版-生肖鼠
下载完成：247 - 1 - 民生十二生肖标准白金卡精雕版-生肖鼠
开始下载：247 - 2 - 民生十二生肖标准白金卡精雕版-生肖牛
下载完成：247 - 2 - 民生十二生肖标准白金卡精雕版-生肖牛
开始下载：247 - 3 - 民生十二生肖标准白金卡精雕版-生肖虎
下载完成：247 - 3 - 民生十二生肖标准白金卡精雕版-生肖虎
开始下载：247 - 4 - 民生十二生肖标准白金卡精雕版-生肖兔
下载完成：247 - 4 - 民生十二生肖标准白金卡精雕版-生肖兔
开始下载：247 - 5 - 民生十二生肖标准白金卡精雕版-生肖龙
下载完成：247 - 5 - 民生十二生肖标准白金卡精雕版-生肖龙
开始下载：247 - 6 - 民生十二生肖标准白金卡精雕版-生肖蛇
下载完成：247 - 6 - 民生十二生肖标准白金卡精雕版-生肖蛇
开始下载：247 - 7 - 民生十二生肖标准白金卡精雕版-生肖马
下载完成：247 - 7 - 民生十二生肖标准白金卡精雕版-生肖马
开始下载：247 - 8 - 民生十二生肖标准白金卡精雕版-生肖羊
下载完成：247 - 8 - 民生十二生肖标准白金卡精雕版-生肖羊
开始下载：247 - 9 - 民生十二生肖标准白金卡精雕版-生肖猴
下载完成：247 - 9 - 民生十二生肖标准白金卡精雕版-生肖猴
开始下载：247 - 10 - 民生十二生肖标准白金卡精雕版-生肖鸡
下载完成：247 - 10 - 民生十二生肖标准白金卡精雕版-生肖鸡
开始下载：247 - 11 - 民生十二生肖标准白金卡精雕版-生肖狗
下载完成：247 - 11 - 民生十二生肖标准白金卡精雕版-生肖狗
开始下载：247 - 12 - 民生十二生肖标准白金卡平印版-生肖猪
下载完成：247 - 12 - 民生十二生肖标准白金卡平印版-生肖猪
开始下载：247 - 13 - 民生十二生肖标准白金卡平印版-生肖鼠
下载完成：247 - 13 - 民生十二生肖标准白金卡平印版-生肖鼠
开始下载：247 - 14 - 民生十二生肖标准白金卡平印版-生肖牛
下载完成：247 - 14 - 民生十二生肖标准白金卡平印版-生肖牛
开始下载：247 - 15 - 民生十二生肖标准白金卡平印版-生肖虎
下载完成：247 - 15 - 民生十二生肖标准白金卡平印版-生肖虎
开始下载：247 - 16 - 民生十二生肖标准白金卡平印版-生肖兔
下载完成：247 - 16 - 民生十二生肖标准白金卡平印版-生肖兔
开始下载：247 - 17 - 民生十二生肖标准白金卡平印版-生肖龙
下载完成：247 - 17 - 民生十二生肖标准白金卡平印版-生肖龙
开始下载：247 - 18 - 民生十二生肖标准白金卡平印版-生肖蛇
下载完成：247 - 18 - 民生十二生肖标准白金卡平印版-生肖蛇
开始下载：247 - 19 - 民生十二生肖标准白金卡平印版-生肖马
下载完成：247 - 19 - 民生十二生肖标准白金卡平印版-生肖马
开始下载：247 - 20 - 民生十二生肖标准白金卡平印版-生肖羊
下载完成：247 - 20 - 民生十二生肖标准白金卡平印版-生肖羊
开始下载：247 - 21 - 民生十二生肖标准白金卡平印版-生肖猴
下载完成：247 - 21 - 民生十二生肖标准白金卡平印版-生肖猴
开始下载：247 - 22 - 民生十二生肖标准白金卡平印版-生肖鸡
下载完成：247 - 22 - 民生十二生肖标准白金卡平印版-生肖鸡
开始下载：247 - 23 - 民生十二生肖标准白金卡平印版-生肖狗
下载完成：247 - 23 - 民生十二生肖标准白金卡平印版-生肖狗
开始下载：248 - 0 - 五征集团ID信用金卡-车辆版
下载完成：248 - 0 - 五征集团ID信用金卡-车辆版
开始下载：248 - 1 - 五征集团ID信用金卡-文字版
下载完成：248 - 1 - 五征集团ID信用金卡-文字版
无该卡，跳过：249
开始下载：250 - 0 - 百米生活ID信用金卡
下载完成：250 - 0 - 百米生活ID信用金卡
开始下载：251 - 0 - 民生QQ飞车手游联名标准白金信用卡
下载完成：251 - 0 - 民生QQ飞车手游联名标准白金信用卡
开始下载：252 - 0 - VISA单标标准标白信用卡
下载完成：252 - 0 - VISA单标标准标白信用卡
开始下载：253 - 0 - 民生国宝系列主题信用卡-龙腾四海
下载完成：253 - 0 - 民生国宝系列主题信用卡-龙腾四海
开始下载：253 - 1 - 民生国宝系列主题信用卡-凤鸣九州
下载完成：253 - 1 - 民生国宝系列主题信用卡-凤鸣九州
开始下载：253 - 2 - 民生国宝系列主题信用卡-龙腾四海
下载完成：253 - 2 - 民生国宝系列主题信用卡-龙腾四海
开始下载：253 - 3 - 民生国宝系列主题信用卡-凤鸣九州
下载完成：253 - 3 - 民生国宝系列主题信用卡-凤鸣九州
无该卡，跳过：254
无该卡，跳过：255
开始下载：256 - 0 - 开运锦鲤-民生国宝系列主题信用卡
下载完成：256 - 0 - 开运锦鲤-民生国宝系列主题信用卡
开始下载：257 - 0 - 民生银联尊尚精英白金卡
下载完成：257 - 0 - 民生银联尊尚精英白金卡
开始下载：258 - 0 - 民生桂林旅游联名标准白金信用卡
下载完成：258 - 0 - 民生桂林旅游联名标准白金信用卡
无该卡，跳过：259
无该卡，跳过：260
无该卡，跳过：261
开始下载：262 - 0 - 五征集团ID标准白金信用卡-缔途版
下载完成：262 - 0 - 五征集团ID标准白金信用卡-缔途版
开始下载：262 - 1 - 五征集团ID标准白金信用卡-拖拉机版
下载完成：262 - 1 - 五征集团ID标准白金信用卡-拖拉机版
开始下载：262 - 2 - 五征集团ID标准白金信用卡-玉米收获机版
下载完成：262 - 2 - 五征集团ID标准白金信用卡-玉米收获机版
无该卡，跳过：263
开始下载：264 - 0 - 好想你ID标准白金信用卡
下载完成：264 - 0 - 好想你ID标准白金信用卡
无该卡，跳过：265
无该卡，跳过：266
开始下载：267 - 0 - 民生小微普惠信用卡
下载完成：267 - 0 - 民生小微普惠信用卡
开始下载：268 - 0 - 民生尚品网联名卡标准白金卡（银联）
下载完成：268 - 0 - 民生尚品网联名卡标准白金卡（银联）
开始下载：269 - 0 - 民生天航联名信用卡
下载完成：269 - 0 - 民生天航联名信用卡
开始下载：270 - 0 - 医馆家ID标准白金信用卡
下载完成：270 - 0 - 医馆家ID标准白金信用卡
开始下载：270 - 1 - 广州健云ID标准白金信用卡
下载完成：270 - 1 - 广州健云ID标准白金信用卡
开始下载：271 - 0 - 爱亲ID信用金卡
下载完成：271 - 0 - 爱亲ID信用金卡
开始下载：272 - 0 - 德松ID信用金卡
下载完成：272 - 0 - 德松ID信用金卡
开始下载：273 - 0 - 一面ID信用金卡
下载完成：273 - 0 - 一面ID信用金卡
开始下载：274 - 0 - 绫波丽
下载完成：274 - 0 - 绫波丽
开始下载：274 - 1 - 碇真嗣
下载完成：274 - 1 - 碇真嗣
开始下载：274 - 2 - 明日香
下载完成：274 - 2 - 明日香
开始下载：274 - 3 - 标识版
下载完成：274 - 3 - 标识版
开始下载：274 - 4 - 初号机
下载完成：274 - 4 - 初号机
开始下载：275 - 0 - 民生新华百货联名信用卡白金卡
下载完成：275 - 0 - 民生新华百货联名信用卡白金卡
开始下载：276 - 0 - 民生标准信用卡金卡
下载完成：276 - 0 - 民生标准信用卡金卡
开始下载：277 - 0 - 最美中国字ID标准白金信用卡
下载完成：277 - 0 - 最美中国字ID标准白金信用卡
无该卡，跳过：278
爬取结束...
